<?xml version="1.0" encoding="UTF-8"?>
<!-- Generated by org.testng.reporters.JUnitReportReporter -->
<testsuite hostname="LIN-PAG-01" failures="0" tests="3" name="pracproject.phptravelstest" time="34.893" errors="0" timestamp="2023-10-09T01:13:28 IST" skipped="0">
  <testcase classname="pracproject.phptravelstest" name="Dashboard" time="0.023"/>
  <testcase classname="pracproject.phptravelstest" name="settingsCollapse" time="32.366"/>
  <testcase classname="pracproject.phptravelstest" name="loginBtn" time="2.504"/>
</testsuite> <!-- pracproject.phptravelstest -->
